============================================================
<class 'transformers.tokenization_dna.DNATokenizer'>
============================================================
<class 'transformers.tokenization_dna.DNATokenizer'>
finish loading examples
number of processes for converting feature: 2
1 processor started !
2 processor started !
============================================================
<class 'transformers.tokenization_dna.DNATokenizer'>
============================================================
<class 'transformers.tokenization_dna.DNATokenizer'>
finish loading examples
number of processes for converting feature: 2
1 processor started !
2 processor started !
============================================================
<class 'transformers.tokenization_dna.DNATokenizer'>
============================================================
<class 'transformers.tokenization_dna.DNATokenizer'>
finish loading examples
number of processes for converting feature: 2
1 processor started !
2 processor started !
============================================================
<class 'transformers.tokenization_dna.DNATokenizer'>
============================================================
<class 'transformers.tokenization_dna.DNATokenizer'>
finish loading examples
number of processes for converting feature: 2
1 processor started !
2 processor started !
============================================================
<class 'transformers.tokenization_dna.DNATokenizer'>
============================================================
<class 'transformers.tokenization_dna.DNATokenizer'>
finish loading examples
number of processes for converting feature: 2
1 processor started !
2 processor started !
============================================================
<class 'transformers.tokenization_dna.DNATokenizer'>
============================================================
<class 'transformers.tokenization_dna.DNATokenizer'>
finish loading examples
number of processes for converting feature: 2
1 processor started !
2 processor started !
============================================================
<class 'transformers.tokenization_dna.DNATokenizer'>
============================================================
<class 'transformers.tokenization_dna.DNATokenizer'>
finish loading examples
number of processes for converting feature: 2
1 processor started !
2 processor started !
============================================================
<class 'transformers.tokenization_dna.DNATokenizer'>
============================================================
<class 'transformers.tokenization_dna.DNATokenizer'>
finish loading examples
number of processes for converting feature: 2
1 processor started !
2 processor started !
============================================================
<class 'transformers.tokenization_dna.DNATokenizer'>
============================================================
<class 'transformers.tokenization_dna.DNATokenizer'>
finish loading examples
number of processes for converting feature: 2
1 processor started !
2 processor started !
============================================================
<class 'transformers.tokenization_dna.DNATokenizer'>
============================================================
<class 'transformers.tokenization_dna.DNATokenizer'>
finish loading examples
number of processes for converting feature: 2
1 processor started !
2 processor started !
============================================================
<class 'transformers.tokenization_dna.DNATokenizer'>
============================================================
<class 'transformers.tokenization_dna.DNATokenizer'>
finish loading examples
number of processes for converting feature: 2
1 processor started !
2 processor started !
============================================================
<class 'transformers.tokenization_dna.DNATokenizer'>
============================================================
<class 'transformers.tokenization_dna.DNATokenizer'>
finish loading examples
number of processes for converting feature: 2
1 processor started !
2 processor started !
============================================================
<class 'transformers.tokenization_dna.DNATokenizer'>
============================================================
<class 'transformers.tokenization_dna.DNATokenizer'>
finish loading examples
number of processes for converting feature: 2
1 processor started !
2 processor started !
============================================================
<class 'transformers.tokenization_dna.DNATokenizer'>
============================================================
<class 'transformers.tokenization_dna.DNATokenizer'>
finish loading examples
number of processes for converting feature: 2
1 processor started !
2 processor started !
============================================================
<class 'transformers.tokenization_dna.DNATokenizer'>
============================================================
<class 'transformers.tokenization_dna.DNATokenizer'>
finish loading examples
number of processes for converting feature: 2
1 processor started !
2 processor started !
============================================================
<class 'transformers.tokenization_dna.DNATokenizer'>
============================================================
<class 'transformers.tokenization_dna.DNATokenizer'>
finish loading examples
number of processes for converting feature: 2
1 processor started !
2 processor started !
============================================================
<class 'transformers.tokenization_dna.DNATokenizer'>
============================================================
<class 'transformers.tokenization_dna.DNATokenizer'>
finish loading examples
number of processes for converting feature: 2
1 processor started !
2 processor started !
============================================================
<class 'transformers.tokenization_dna.DNATokenizer'>
============================================================
<class 'transformers.tokenization_dna.DNATokenizer'>
finish loading examples
number of processes for converting feature: 2
1 processor started !
2 processor started !
============================================================
<class 'transformers.tokenization_dna.DNATokenizer'>
============================================================
<class 'transformers.tokenization_dna.DNATokenizer'>
finish loading examples
number of processes for converting feature: 2
1 processor started !
2 processor started !
============================================================
<class 'transformers.tokenization_dna.DNATokenizer'>
============================================================
<class 'transformers.tokenization_dna.DNATokenizer'>
finish loading examples
number of processes for converting feature: 2
1 processor started !
2 processor started !
============================================================
<class 'transformers.tokenization_dna.DNATokenizer'>
============================================================
<class 'transformers.tokenization_dna.DNATokenizer'>
finish loading examples
number of processes for converting feature: 2
1 processor started !
2 processor started !
============================================================
<class 'transformers.tokenization_dna.DNATokenizer'>
============================================================
<class 'transformers.tokenization_dna.DNATokenizer'>
finish loading examples
number of processes for converting feature: 2
1 processor started !
2 processor started !
============================================================
<class 'transformers.tokenization_dna.DNATokenizer'>
============================================================
<class 'transformers.tokenization_dna.DNATokenizer'>
finish loading examples
number of processes for converting feature: 2
1 processor started !
2 processor started !
============================================================
<class 'transformers.tokenization_dna.DNATokenizer'>
============================================================
<class 'transformers.tokenization_dna.DNATokenizer'>
finish loading examples
number of processes for converting feature: 2
1 processor started !
2 processor started !
============================================================
<class 'transformers.tokenization_dna.DNATokenizer'>
============================================================
<class 'transformers.tokenization_dna.DNATokenizer'>
finish loading examples
number of processes for converting feature: 2
1 processor started !
2 processor started !
============================================================
<class 'transformers.tokenization_dna.DNATokenizer'>
============================================================
<class 'transformers.tokenization_dna.DNATokenizer'>
finish loading examples
number of processes for converting feature: 2
1 processor started !
2 processor started !
